<?xml version="1.0" encoding="UTF-8"?>
<!-- Generated by org.testng.reporters.JUnitReportReporter -->
<testsuite hostname="mnavsupe-t14" failures="0" tests="1" name="tests.HomeTests.HomeMenuBarTest" time="10.282" errors="0" timestamp="2023-07-12T20:08:27 IST" skipped="0">
  <testcase classname="tests.HomeTests.HomeMenuBarTest" name="test_openHomePage_verifyMenuBarItems" time="10.282"/>
  <system-out/>
</testsuite> <!-- tests.HomeTests.HomeMenuBarTest -->
