<?xml version="1.0" encoding="UTF-8"?>
<!-- Generated by org.testng.reporters.JUnitReportReporter -->
<testsuite hostname="mnavsupe-t14" failures="0" tests="2" name="tests.WeatherDataTests.WeatherDataSearchTest" time="20.112" errors="0" timestamp="2023-07-12T20:08:27 IST" skipped="0">
  <testcase classname="tests.WeatherDataTests.WeatherDataSearchTest" name="test_openWeatherDataTabSearchPuneCity_verifyCityWeatherDetailItemNumber" time="10.266"/>
  <system-out/>
  <testcase classname="tests.WeatherDataTests.WeatherDataSearchTest" name="test_openWeatherDataTabSearchPuneCity_verifyHistoricalAndWeatherMessage" time="9.846"/>
  <system-out/>
</testsuite> <!-- tests.WeatherDataTests.WeatherDataSearchTest -->
