<?xml version="1.0" encoding="UTF-8"?>
<!-- Generated by org.testng.reporters.JUnitReportReporter -->
<testsuite hostname="mnavsupe-t14" failures="0" tests="3" name="api.Tests.WeatherData.WeatherDataGetTests" time="6.349" errors="0" timestamp="2023-07-12T20:08:27 IST" skipped="0">
  <testcase classname="api.Tests.WeatherData.WeatherDataGetTests" name="test_getPuneData_verifyLatitudeLongitude" time="3.010"/>
  <system-out/>
  <testcase classname="api.Tests.WeatherData.WeatherDataGetTests" name="test_getPuneData_verifyResolvedAddress" time="1.256"/>
  <system-out/>
  <testcase classname="api.Tests.WeatherData.WeatherDataGetTests" name="test_getPuneData_verifyStatusCode" time="2.083"/>
  <system-out/>
</testsuite> <!-- api.Tests.WeatherData.WeatherDataGetTests -->
